000 (233628.000.000) 2022-05-06 01:19:06 Job submitted from host: <128.104.100.148:9618?addrs=128.104.100.148-9618+[2607-f388-107c-501-216-3eff-feb2-bc11]-9618&alias=learn.chtc.wisc.edu&noUDP&sock=schedd_1096_57e3>
...
040 (233628.000.000) 2022-05-06 01:49:37 Started transferring input files
	Transferring to host: <128.105.68.13:9618?addrs=128.105.68.13-9618+[2607-f388-2200-100-b226-28ff-fe51-5fac]-9618&alias=e2006.chtc.wisc.edu&noUDP&sock=slot1_25_23592_72b8_76699>
...
040 (233628.000.000) 2022-05-06 01:52:34 Finished transferring input files
...
001 (233628.000.000) 2022-05-06 01:52:35 Job executing on host: <128.105.68.13:9618?addrs=128.105.68.13-9618+[2607-f388-2200-100-b226-28ff-fe51-5fac]-9618&alias=e2006.chtc.wisc.edu&noUDP&sock=startd_15977_78b8>
...
006 (233628.000.000) 2022-05-06 01:52:44 Image size of job updated: 299644
	248  -  MemoryUsage of job (MB)
	253904  -  ResidentSetSize of job (KB)
...
006 (233628.000.000) 2022-05-06 01:57:45 Image size of job updated: 9346932
	9053  -  MemoryUsage of job (MB)
	9269588  -  ResidentSetSize of job (KB)
...
006 (233628.000.000) 2022-05-06 02:02:45 Image size of job updated: 20111060
	19637  -  MemoryUsage of job (MB)
	20107628  -  ResidentSetSize of job (KB)
...
006 (233628.000.000) 2022-05-06 02:06:08 Image size of job updated: 24018916
	19637  -  MemoryUsage of job (MB)
	20107628  -  ResidentSetSize of job (KB)
...
040 (233628.000.000) 2022-05-06 02:06:08 Started transferring output files
...
040 (233628.000.000) 2022-05-06 02:06:08 Finished transferring output files
...
005 (233628.000.000) 2022-05-06 02:06:08 Job terminated.
	(1) Normal termination (return value 0)
		Usr 0 00:13:01, Sys 0 00:00:23  -  Run Remote Usage
		Usr 0 00:00:00, Sys 0 00:00:00  -  Run Local Usage
		Usr 0 00:13:01, Sys 0 00:00:23  -  Total Remote Usage
		Usr 0 00:00:00, Sys 0 00:00:00  -  Total Local Usage
	166  -  Run Bytes Sent By Job
	6674494976  -  Run Bytes Received By Job
	166  -  Total Bytes Sent By Job
	6674494976  -  Total Bytes Received By Job
	Partitionable Resources :      Usage  Request Allocated 
	   Cpus                 :       1.00        1         1 
	   Disk (KB)            : 6656802    26214400  27545232 
	   IoHeavy              :                             0 
	   Memory (MB)          :   19637       51200     51200 

	Job terminated of its own accord at 2022-05-06T07:06:08Z with exit-code 0.
...
