000 (233627.000.000) 2022-05-06 01:19:01 Job submitted from host: <128.104.100.148:9618?addrs=128.104.100.148-9618+[2607-f388-107c-501-216-3eff-feb2-bc11]-9618&alias=learn.chtc.wisc.edu&noUDP&sock=schedd_1096_57e3>
...
040 (233627.000.000) 2022-05-06 01:29:36 Started transferring input files
	Transferring to host: <128.105.68.13:9618?addrs=128.105.68.13-9618+[2607-f388-2200-100-b226-28ff-fe51-5fac]-9618&alias=e2006.chtc.wisc.edu&noUDP&sock=slot1_25_23592_72b8_76650>
...
040 (233627.000.000) 2022-05-06 01:32:34 Finished transferring input files
...
001 (233627.000.000) 2022-05-06 01:32:35 Job executing on host: <128.105.68.13:9618?addrs=128.105.68.13-9618+[2607-f388-2200-100-b226-28ff-fe51-5fac]-9618&alias=e2006.chtc.wisc.edu&noUDP&sock=startd_15977_78b8>
...
006 (233627.000.000) 2022-05-06 01:32:44 Image size of job updated: 275644
	242  -  MemoryUsage of job (MB)
	247388  -  ResidentSetSize of job (KB)
...
006 (233627.000.000) 2022-05-06 01:37:44 Image size of job updated: 9346932
	9054  -  MemoryUsage of job (MB)
	9270536  -  ResidentSetSize of job (KB)
...
006 (233627.000.000) 2022-05-06 01:42:44 Image size of job updated: 17524056
	17039  -  MemoryUsage of job (MB)
	17447856  -  ResidentSetSize of job (KB)
...
006 (233627.000.000) 2022-05-06 01:47:45 Image size of job updated: 28413376
	27674  -  MemoryUsage of job (MB)
	28337172  -  ResidentSetSize of job (KB)
...
006 (233627.000.000) 2022-05-06 01:49:17 Image size of job updated: 49902988
	27674  -  MemoryUsage of job (MB)
	28337172  -  ResidentSetSize of job (KB)
...
040 (233627.000.000) 2022-05-06 01:49:17 Started transferring output files
...
040 (233627.000.000) 2022-05-06 01:49:17 Finished transferring output files
...
005 (233627.000.000) 2022-05-06 01:49:17 Job terminated.
	(1) Normal termination (return value 0)
		Usr 0 00:15:41, Sys 0 00:00:41  -  Run Remote Usage
		Usr 0 00:00:00, Sys 0 00:00:00  -  Run Local Usage
		Usr 0 00:15:41, Sys 0 00:00:41  -  Total Remote Usage
		Usr 0 00:00:00, Sys 0 00:00:00  -  Total Local Usage
	269  -  Run Bytes Sent By Job
	6674494464  -  Run Bytes Received By Job
	269  -  Total Bytes Sent By Job
	6674494464  -  Total Bytes Received By Job
	Partitionable Resources :      Usage  Request Allocated 
	   Cpus                 :       0.99        1         1 
	   Disk (KB)            : 6656802    20971520  21746236 
	   IoHeavy              :                             0 
	   Memory (MB)          :   27674       51200     51200 

	Job terminated of its own accord at 2022-05-06T06:49:17Z with exit-code 0.
...
